c:\users\flasha\source\repos\eventscheduler\eventscheduler\x64\debug\vc143.pdb
c:\users\flasha\source\repos\eventscheduler\eventscheduler\x64\debug\sqlite3.nativecodeanalysis.sarif
c:\users\flasha\source\repos\eventscheduler\eventscheduler\x64\debug\sqlite3.nativecodeanalysis.xml
c:\users\flasha\source\repos\eventscheduler\eventscheduler\x64\debug\sqlite3.obj
c:\users\flasha\source\repos\eventscheduler\eventscheduler\x64\debug\allevents.nativecodeanalysis.sarif
c:\users\flasha\source\repos\eventscheduler\eventscheduler\x64\debug\allevents.nativecodeanalysis.xml
c:\users\flasha\source\repos\eventscheduler\eventscheduler\x64\debug\allevents.obj
c:\users\flasha\source\repos\eventscheduler\eventscheduler\x64\debug\errorpanel.nativecodeanalysis.sarif
c:\users\flasha\source\repos\eventscheduler\eventscheduler\x64\debug\errorpanel.nativecodeanalysis.xml
c:\users\flasha\source\repos\eventscheduler\eventscheduler\x64\debug\errorpanel.obj
c:\users\flasha\source\repos\eventscheduler\eventscheduler\x64\debug\mainwindow.nativecodeanalysis.sarif
c:\users\flasha\source\repos\eventscheduler\eventscheduler\x64\debug\mainwindow.nativecodeanalysis.xml
c:\users\flasha\source\repos\eventscheduler\eventscheduler\x64\debug\mainwindow.obj
c:\users\flasha\source\repos\eventscheduler\eventscheduler\x64\debug\addevents.nativecodeanalysis.sarif
c:\users\flasha\source\repos\eventscheduler\eventscheduler\x64\debug\addevents.nativecodeanalysis.xml
c:\users\flasha\source\repos\eventscheduler\eventscheduler\x64\debug\addevents.obj
c:\users\flasha\source\repos\eventscheduler\eventscheduler\x64\debug\timefromscratch.nativecodeanalysis.sarif
c:\users\flasha\source\repos\eventscheduler\eventscheduler\x64\debug\timefromscratch.nativecodeanalysis.xml
c:\users\flasha\source\repos\eventscheduler\eventscheduler\x64\debug\timefromscratch.obj
c:\users\flasha\source\repos\eventscheduler\eventscheduler\x64\debug\dh.nativecodeanalysis.sarif
c:\users\flasha\source\repos\eventscheduler\eventscheduler\x64\debug\dh.nativecodeanalysis.xml
c:\users\flasha\source\repos\eventscheduler\eventscheduler\x64\debug\dh.obj
c:\users\flasha\source\repos\eventscheduler\eventscheduler\x64\debug\donepanel.nativecodeanalysis.sarif
c:\users\flasha\source\repos\eventscheduler\eventscheduler\x64\debug\donepanel.nativecodeanalysis.xml
c:\users\flasha\source\repos\eventscheduler\eventscheduler\x64\debug\donepanel.obj
c:\users\flasha\source\repos\eventscheduler\eventscheduler\x64\debug\vec.nativecodeanalysis.sarif
c:\users\flasha\source\repos\eventscheduler\eventscheduler\x64\debug\vec.nativecodeanalysis.xml
c:\users\flasha\source\repos\eventscheduler\eventscheduler\x64\debug\vec.obj
c:\users\flasha\source\repos\eventscheduler\eventscheduler\x64\debug\date.nativecodeanalysis.sarif
c:\users\flasha\source\repos\eventscheduler\eventscheduler\x64\debug\date.nativecodeanalysis.xml
c:\users\flasha\source\repos\eventscheduler\eventscheduler\x64\debug\date.obj
c:\users\flasha\source\repos\eventscheduler\eventscheduler\x64\debug\scheduler.nativecodeanalysis.sarif
c:\users\flasha\source\repos\eventscheduler\eventscheduler\x64\debug\scheduler.nativecodeanalysis.xml
c:\users\flasha\source\repos\eventscheduler\eventscheduler\x64\debug\scheduler.obj
c:\users\flasha\source\repos\eventscheduler\eventscheduler\x64\debug\current_events.nativecodeanalysis.sarif
c:\users\flasha\source\repos\eventscheduler\eventscheduler\x64\debug\current_events.nativecodeanalysis.xml
c:\users\flasha\source\repos\eventscheduler\eventscheduler\x64\debug\current_events.obj
c:\users\flasha\source\repos\eventscheduler\eventscheduler\x64\debug\main.nativecodeanalysis.sarif
c:\users\flasha\source\repos\eventscheduler\eventscheduler\x64\debug\main.nativecodeanalysis.xml
c:\users\flasha\source\repos\eventscheduler\eventscheduler\x64\debug\main.obj
c:\users\flasha\source\repos\eventscheduler\eventscheduler\x64\debug\moc_errorpanel.nativecodeanalysis.sarif
c:\users\flasha\source\repos\eventscheduler\eventscheduler\x64\debug\moc_errorpanel.nativecodeanalysis.xml
c:\users\flasha\source\repos\eventscheduler\eventscheduler\x64\debug\moc_errorpanel.obj
c:\users\flasha\source\repos\eventscheduler\eventscheduler\x64\debug\moc_current_events.nativecodeanalysis.sarif
c:\users\flasha\source\repos\eventscheduler\eventscheduler\x64\debug\moc_current_events.nativecodeanalysis.xml
c:\users\flasha\source\repos\eventscheduler\eventscheduler\x64\debug\moc_current_events.obj
c:\users\flasha\source\repos\eventscheduler\eventscheduler\x64\debug\moc_dh.nativecodeanalysis.sarif
c:\users\flasha\source\repos\eventscheduler\eventscheduler\x64\debug\moc_dh.nativecodeanalysis.xml
c:\users\flasha\source\repos\eventscheduler\eventscheduler\x64\debug\moc_dh.obj
c:\users\flasha\source\repos\eventscheduler\eventscheduler\x64\debug\moc_mainwindow.nativecodeanalysis.sarif
c:\users\flasha\source\repos\eventscheduler\eventscheduler\x64\debug\moc_mainwindow.nativecodeanalysis.xml
c:\users\flasha\source\repos\eventscheduler\eventscheduler\x64\debug\moc_mainwindow.obj
c:\users\flasha\source\repos\eventscheduler\eventscheduler\x64\debug\moc_donepanel.nativecodeanalysis.sarif
c:\users\flasha\source\repos\eventscheduler\eventscheduler\x64\debug\moc_donepanel.nativecodeanalysis.xml
c:\users\flasha\source\repos\eventscheduler\eventscheduler\x64\debug\moc_donepanel.obj
c:\users\flasha\source\repos\eventscheduler\eventscheduler\x64\debug\moc_addevents.nativecodeanalysis.sarif
c:\users\flasha\source\repos\eventscheduler\eventscheduler\x64\debug\moc_addevents.nativecodeanalysis.xml
c:\users\flasha\source\repos\eventscheduler\eventscheduler\x64\debug\moc_addevents.obj
c:\users\flasha\source\repos\eventscheduler\eventscheduler\x64\debug\moc_allevents.nativecodeanalysis.sarif
c:\users\flasha\source\repos\eventscheduler\eventscheduler\x64\debug\moc_allevents.nativecodeanalysis.xml
c:\users\flasha\source\repos\eventscheduler\eventscheduler\x64\debug\moc_allevents.obj
c:\users\flasha\source\repos\eventscheduler\eventscheduler\x64\debug\uic\ui_addevents.h
c:\users\flasha\source\repos\eventscheduler\eventscheduler\x64\debug\uic\ui_allevents.h
c:\users\flasha\source\repos\eventscheduler\eventscheduler\x64\debug\uic\ui_current_events.h
c:\users\flasha\source\repos\eventscheduler\eventscheduler\x64\debug\uic\ui_dh.h
c:\users\flasha\source\repos\eventscheduler\eventscheduler\x64\debug\uic\ui_donepanel.h
c:\users\flasha\source\repos\eventscheduler\eventscheduler\x64\debug\uic\ui_errorpanel.h
c:\users\flasha\source\repos\eventscheduler\eventscheduler\x64\debug\uic\ui_mainwindow.h
c:\users\flasha\source\repos\eventscheduler\eventscheduler\x64\debug\moc\moc_addevents.cpp
c:\users\flasha\source\repos\eventscheduler\eventscheduler\x64\debug\moc\moc_allevents.cpp
c:\users\flasha\source\repos\eventscheduler\eventscheduler\x64\debug\moc\moc_current_events.cpp
c:\users\flasha\source\repos\eventscheduler\eventscheduler\x64\debug\moc\moc_dh.cpp
c:\users\flasha\source\repos\eventscheduler\eventscheduler\x64\debug\moc\moc_mainwindow.cpp
c:\users\flasha\source\repos\eventscheduler\eventscheduler\x64\debug\moc\moc_errorpanel.cpp
c:\users\flasha\source\repos\eventscheduler\eventscheduler\x64\debug\moc\moc_donepanel.cpp
c:\users\flasha\source\repos\eventscheduler\x64\debug\eventscheduler.ilk
c:\users\flasha\source\repos\eventscheduler\x64\debug\eventscheduler.exe
c:\users\flasha\source\repos\eventscheduler\x64\debug\eventscheduler.pdb
c:\users\flasha\source\repos\eventscheduler\eventscheduler\x64\debug\vc.nativecodeanalysis.all.xml
c:\users\flasha\source\repos\eventscheduler\eventscheduler\x64\debug\eventscheduler.tlog\cl.command.1.tlog
c:\users\flasha\source\repos\eventscheduler\eventscheduler\x64\debug\eventscheduler.tlog\cl.read.1.tlog
c:\users\flasha\source\repos\eventscheduler\eventscheduler\x64\debug\eventscheduler.tlog\cl.write.1.tlog
c:\users\flasha\source\repos\eventscheduler\eventscheduler\x64\debug\eventscheduler.tlog\eventscheduler.write.1u.tlog
c:\users\flasha\source\repos\eventscheduler\eventscheduler\x64\debug\eventscheduler.tlog\link.command.1.tlog
c:\users\flasha\source\repos\eventscheduler\eventscheduler\x64\debug\eventscheduler.tlog\link.read.1.tlog
c:\users\flasha\source\repos\eventscheduler\eventscheduler\x64\debug\eventscheduler.tlog\link.write.1.tlog
c:\users\flasha\source\repos\eventscheduler\eventscheduler\x64\debug\eventscheduler.tlog\moc.read.1u.tlog
c:\users\flasha\source\repos\eventscheduler\eventscheduler\x64\debug\eventscheduler.tlog\moc.write.1u.tlog
c:\users\flasha\source\repos\eventscheduler\eventscheduler\x64\debug\eventscheduler.tlog\uic.read.1u.tlog
c:\users\flasha\source\repos\eventscheduler\eventscheduler\x64\debug\eventscheduler.tlog\uic.write.1u.tlog
